\BOOKMARK [0][-]{chapter*.1}{\376\377\000C\000o\000n\000t\000e\000n\000t\000s}{}% 1
\BOOKMARK [0][-]{chapter.1}{\376\377\000I\000n\000t\000r\000o\000d\000u\000c\000t\000i\000o\000n\000\040\000t\000o\000\040\000D\000a\000t\000a\000\040\000S\000t\000r\000u\000c\000t\000u\000r\000e\000s\000\040\000a\000n\000d\000\040\000A\000l\000g\000o\000r\000i\000t\000h\000m\000s}{}% 2
\BOOKMARK [1][-]{section.1.1}{\376\377\000I\000n\000t\000r\000o\000d\000u\000c\000t\000i\000o\000n}{chapter.1}% 3
\BOOKMARK [1][-]{section.1.2}{\376\377\000S\000e\000t\000u\000p\000\040\000a\000n\000d\000\040\000I\000n\000s\000t\000a\000l\000l\000a\000t\000i\000o\000n}{chapter.1}% 4
\BOOKMARK [2][-]{subsection.1.2.1}{\376\377\000C\000+\000+\000\040\000C\000o\000m\000p\000i\000l\000e\000r\000\040\000I\000n\000s\000t\000a\000l\000l\000a\000t\000i\000o\000n}{section.1.2}% 5
\BOOKMARK [2][-]{subsection.1.2.2}{\376\377\000V\000i\000s\000u\000a\000l\000\040\000S\000t\000u\000d\000i\000o\000\040\000C\000o\000d\000e\000\040\000I\000n\000s\000t\000a\000l\000l\000a\000t\000i\000o\000n}{section.1.2}% 6
\BOOKMARK [2][-]{subsection.1.2.3}{\376\377\000T\000e\000s\000t\000i\000n\000g\000\040\000t\000h\000e\000\040\000I\000n\000s\000t\000a\000l\000l\000a\000t\000i\000o\000n}{section.1.2}% 7
\BOOKMARK [1][-]{section.1.3}{\376\377\000W\000h\000a\000t\000\040\000a\000r\000e\000\040\000D\000a\000t\000a\000\040\000S\000t\000r\000u\000c\000t\000u\000r\000e\000s\000?}{chapter.1}% 8
\BOOKMARK [1][-]{section.1.4}{\376\377\000W\000h\000a\000t\000\040\000a\000r\000e\000\040\000A\000l\000g\000o\000r\000i\000t\000h\000m\000s\000?}{chapter.1}% 9
\BOOKMARK [1][-]{section.1.5}{\376\377\000W\000h\000y\000\040\000S\000t\000u\000d\000y\000\040\000D\000a\000t\000a\000\040\000S\000t\000r\000u\000c\000t\000u\000r\000e\000s\000\040\000a\000n\000d\000\040\000A\000l\000g\000o\000r\000i\000t\000h\000m\000s\000?}{chapter.1}% 10
\BOOKMARK [1][-]{section.1.6}{\376\377\000B\000a\000s\000i\000c\000\040\000T\000e\000r\000m\000i\000n\000o\000l\000o\000g\000i\000e\000s}{chapter.1}% 11
\BOOKMARK [2][-]{subsection.1.6.1}{\376\377\000D\000a\000t\000a}{section.1.6}% 12
\BOOKMARK [2][-]{subsection.1.6.2}{\376\377\000D\000a\000t\000a\000\040\000O\000b\000j\000e\000c\000t}{section.1.6}% 13
\BOOKMARK [2][-]{subsection.1.6.3}{\376\377\000D\000a\000t\000a\000\040\000S\000t\000r\000u\000c\000t\000u\000r\000e}{section.1.6}% 14
\BOOKMARK [2][-]{subsection.1.6.4}{\376\377\000D\000a\000t\000a\000\040\000T\000y\000p\000e}{section.1.6}% 15
\BOOKMARK [3][-]{subsubsection.1.6.4.1}{\376\377\000P\000r\000i\000m\000i\000t\000i\000v\000e\000\040\000D\000a\000t\000a\000\040\000T\000y\000p\000e\000s}{subsection.1.6.4}% 16
\BOOKMARK [3][-]{subsubsection.1.6.4.2}{\376\377\000N\000o\000n\000-\000p\000r\000i\000m\000i\000t\000i\000v\000e\000\040\000D\000a\000t\000a\000\040\000T\000y\000p\000e\000s}{subsection.1.6.4}% 17
\BOOKMARK [2][-]{subsection.1.6.5}{\376\377\000A\000b\000s\000t\000r\000a\000c\000t\000\040\000D\000a\000t\000a\000\040\000T\000y\000p\000e}{section.1.6}% 18
\BOOKMARK [2][-]{subsection.1.6.6}{\376\377\000A\000l\000g\000o\000r\000i\000t\000h\000m}{section.1.6}% 19
\BOOKMARK [2][-]{subsection.1.6.7}{\376\377\000C\000o\000m\000p\000l\000e\000x\000i\000t\000y\000\040\000o\000f\000\040\000a\000n\000\040\000A\000l\000g\000o\000r\000i\000t\000h\000m}{section.1.6}% 20
\BOOKMARK [3][-]{subsubsection.1.6.7.1}{\376\377\000T\000i\000m\000e\000\040\000C\000o\000m\000p\000l\000e\000x\000i\000t\000y}{subsection.1.6.7}% 21
\BOOKMARK [3][-]{subsubsection.1.6.7.2}{\376\377\000S\000p\000a\000c\000e\000\040\000C\000o\000m\000p\000l\000e\000x\000i\000t\000y}{subsection.1.6.7}% 22
\BOOKMARK [1][-]{section.1.7}{\376\377\000A\000s\000y\000m\000p\000t\000o\000t\000i\000c\000\040\000N\000o\000t\000a\000t\000i\000o\000n\000s}{chapter.1}% 23
\BOOKMARK [2][-]{subsection.1.7.1}{\376\377\000B\000i\000g\000-\000O\000\040\000N\000o\000t\000a\000t\000i\000o\000n}{section.1.7}% 24
\BOOKMARK [2][-]{subsection.1.7.2}{\376\377\000O\000m\000e\000g\000a\000\040\000N\000o\000t\000a\000t\000i\000o\000n}{section.1.7}% 25
\BOOKMARK [2][-]{subsection.1.7.3}{\376\377\000T\000h\000e\000t\000a\000\040\000N\000o\000t\000a\000t\000i\000o\000n}{section.1.7}% 26
\BOOKMARK [1][-]{section.1.8}{\376\377\000S\000u\000m\000m\000a\000r\000y}{chapter.1}% 27
\BOOKMARK [0][-]{chapter.2}{\376\377\000A\000r\000r\000a\000y\000s\000\040\000a\000n\000d\000\040\000L\000i\000n\000k\000e\000d\000\040\000L\000i\000s\000t\000s}{}% 28
\BOOKMARK [1][-]{section.2.1}{\376\377\000I\000n\000t\000r\000o\000d\000u\000c\000t\000i\000o\000n}{chapter.2}% 29
\BOOKMARK [1][-]{section.2.2}{\376\377\000A\000r\000r\000a\000y\000s}{chapter.2}% 30
\BOOKMARK [2][-]{subsection.2.2.1}{\376\377\000T\000y\000p\000e\000s\000\040\000o\000f\000\040\000A\000r\000r\000a\000y\000s}{section.2.2}% 31
\BOOKMARK [3][-]{subsubsection.2.2.1.1}{\376\377\000O\000n\000e\000-\000d\000i\000m\000e\000n\000s\000i\000o\000n\000a\000l\000\040\000A\000r\000r\000a\000y}{subsection.2.2.1}% 32
\BOOKMARK [3][-]{subsubsection.2.2.1.2}{\376\377\000M\000u\000l\000t\000i\000-\000d\000i\000m\000e\000n\000s\000i\000o\000n\000a\000l\000\040\000A\000r\000r\000a\000y}{subsection.2.2.1}% 33
\BOOKMARK [2][-]{subsection.2.2.2}{\376\377\000A\000r\000r\000a\000y\000\040\000O\000p\000e\000r\000a\000t\000i\000o\000n\000s}{section.2.2}% 34
\BOOKMARK [3][-]{subsubsection.2.2.2.1}{\376\377\000I\000n\000s\000e\000r\000t\000i\000o\000n}{subsection.2.2.2}% 35
\BOOKMARK [3][-]{subsubsection.2.2.2.2}{\376\377\000D\000e\000l\000e\000t\000i\000o\000n}{subsection.2.2.2}% 36
\BOOKMARK [3][-]{subsubsection.2.2.2.3}{\376\377\000S\000e\000a\000r\000c\000h\000i\000n\000g}{subsection.2.2.2}% 37
\BOOKMARK [2][-]{subsection.2.2.3}{\376\377\000C\000o\000m\000p\000l\000e\000x\000i\000t\000y\000\040\000A\000n\000a\000l\000y\000s\000i\000s\000\040\000o\000f\000\040\000A\000r\000r\000a\000y\000s}{section.2.2}% 38
\BOOKMARK [1][-]{section.2.3}{\376\377\000L\000i\000n\000k\000e\000d\000\040\000L\000i\000s\000t\000s}{chapter.2}% 39
\BOOKMARK [2][-]{subsection.2.3.1}{\376\377\000T\000y\000p\000e\000s\000\040\000o\000f\000\040\000L\000i\000n\000k\000e\000d\000\040\000L\000i\000s\000t\000s}{section.2.3}% 40
\BOOKMARK [3][-]{subsubsection.2.3.1.1}{\376\377\000S\000i\000n\000g\000l\000y\000\040\000L\000i\000n\000k\000e\000d\000\040\000L\000i\000s\000t}{subsection.2.3.1}% 41
\BOOKMARK [3][-]{subsubsection.2.3.1.2}{\376\377\000D\000o\000u\000b\000l\000y\000\040\000L\000i\000n\000k\000e\000d\000\040\000L\000i\000s\000t}{subsection.2.3.1}% 42
\BOOKMARK [3][-]{subsubsection.2.3.1.3}{\376\377\000C\000i\000r\000c\000u\000l\000a\000r\000\040\000L\000i\000n\000k\000e\000d\000\040\000L\000i\000s\000t}{subsection.2.3.1}% 43
\BOOKMARK [2][-]{subsection.2.3.2}{\376\377\000O\000p\000e\000r\000a\000t\000i\000o\000n\000s\000\040\000o\000n\000\040\000L\000i\000n\000k\000e\000d\000\040\000L\000i\000s\000t\000s}{section.2.3}% 44
\BOOKMARK [3][-]{subsubsection.2.3.2.1}{\376\377\000I\000n\000s\000e\000r\000t\000i\000o\000n}{subsection.2.3.2}% 45
\BOOKMARK [3][-]{subsubsection.2.3.2.2}{\376\377\000D\000e\000l\000e\000t\000i\000o\000n}{subsection.2.3.2}% 46
\BOOKMARK [3][-]{subsubsection.2.3.2.3}{\376\377\000S\000e\000a\000r\000c\000h\000i\000n\000g}{subsection.2.3.2}% 47
\BOOKMARK [2][-]{subsection.2.3.3}{\376\377\000C\000o\000m\000p\000l\000e\000x\000i\000t\000y\000\040\000A\000n\000a\000l\000y\000s\000i\000s\000\040\000o\000f\000\040\000L\000i\000n\000k\000e\000d\000\040\000L\000i\000s\000t\000s}{section.2.3}% 48
\BOOKMARK [1][-]{section.2.4}{\376\377\000C\000o\000m\000p\000a\000r\000i\000s\000o\000n\000\040\000o\000f\000\040\000A\000r\000r\000a\000y\000s\000\040\000a\000n\000d\000\040\000L\000i\000n\000k\000e\000d\000\040\000L\000i\000s\000t\000s}{chapter.2}% 49
\BOOKMARK [1][-]{section.2.5}{\376\377\000S\000u\000m\000m\000a\000r\000y}{chapter.2}% 50
\BOOKMARK [0][-]{chapter.3}{\376\377\000S\000t\000a\000c\000k\000s\000\040\000a\000n\000d\000\040\000Q\000u\000e\000u\000e\000s}{}% 51
\BOOKMARK [1][-]{section.3.1}{\376\377\000I\000n\000t\000r\000o\000d\000u\000c\000t\000i\000o\000n}{chapter.3}% 52
\BOOKMARK [1][-]{section.3.2}{\376\377\000S\000t\000a\000c\000k\000s}{chapter.3}% 53
\BOOKMARK [2][-]{subsection.3.2.1}{\376\377\000O\000p\000e\000r\000a\000t\000i\000o\000n\000s\000\040\000o\000n\000\040\000S\000t\000a\000c\000k\000s}{section.3.2}% 54
\BOOKMARK [3][-]{subsubsection.3.2.1.1}{\376\377\000P\000u\000s\000h}{subsection.3.2.1}% 55
\BOOKMARK [3][-]{subsubsection.3.2.1.2}{\376\377\000P\000o\000p}{subsection.3.2.1}% 56
\BOOKMARK [3][-]{subsubsection.3.2.1.3}{\376\377\000P\000e\000e\000k}{subsection.3.2.1}% 57
\BOOKMARK [3][-]{subsubsection.3.2.1.4}{\376\377\000i\000s\000E\000m\000p\000t\000y}{subsection.3.2.1}% 58
\BOOKMARK [3][-]{subsubsection.3.2.1.5}{\376\377\000i\000s\000F\000u\000l\000l}{subsection.3.2.1}% 59
\BOOKMARK [2][-]{subsection.3.2.2}{\376\377\000C\000o\000m\000p\000l\000e\000x\000i\000t\000y\000\040\000A\000n\000a\000l\000y\000s\000i\000s\000\040\000o\000f\000\040\000S\000t\000a\000c\000k\000s}{section.3.2}% 60
\BOOKMARK [2][-]{subsection.3.2.3}{\376\377\000I\000m\000p\000l\000e\000m\000e\000n\000t\000a\000t\000i\000o\000n\000\040\000o\000f\000\040\000S\000t\000a\000c\000k\000s\000\040\000U\000s\000i\000n\000g\000\040\000A\000r\000r\000a\000y\000s}{section.3.2}% 61
\BOOKMARK [2][-]{subsection.3.2.4}{\376\377\000I\000m\000p\000l\000e\000m\000e\000n\000t\000a\000t\000i\000o\000n\000\040\000o\000f\000\040\000S\000t\000a\000c\000k\000s\000\040\000U\000s\000i\000n\000g\000\040\000L\000i\000n\000k\000e\000d\000\040\000L\000i\000s\000t\000s}{section.3.2}% 62
\BOOKMARK [1][-]{section.3.3}{\376\377\000Q\000u\000e\000u\000e\000s}{chapter.3}% 63
\BOOKMARK [2][-]{subsection.3.3.1}{\376\377\000T\000y\000p\000e\000s\000\040\000o\000f\000\040\000Q\000u\000e\000u\000e\000s}{section.3.3}% 64
\BOOKMARK [3][-]{subsubsection.3.3.1.1}{\376\377\000L\000i\000n\000e\000a\000r\000\040\000Q\000u\000e\000u\000e}{subsection.3.3.1}% 65
\BOOKMARK [3][-]{subsubsection.3.3.1.2}{\376\377\000C\000i\000r\000c\000u\000l\000a\000r\000\040\000Q\000u\000e\000u\000e}{subsection.3.3.1}% 66
\BOOKMARK [3][-]{subsubsection.3.3.1.3}{\376\377\000P\000r\000i\000o\000r\000i\000t\000y\000\040\000Q\000u\000e\000u\000e}{subsection.3.3.1}% 67
\BOOKMARK [3][-]{subsubsection.3.3.1.4}{\376\377\000D\000o\000u\000b\000l\000e\000-\000e\000n\000d\000e\000d\000\040\000Q\000u\000e\000u\000e\000\040\000\050\000D\000e\000q\000u\000e\000\051}{subsection.3.3.1}% 68
\BOOKMARK [2][-]{subsection.3.3.2}{\376\377\000O\000p\000e\000r\000a\000t\000i\000o\000n\000s\000\040\000o\000n\000\040\000Q\000u\000e\000u\000e\000s}{section.3.3}% 69
\BOOKMARK [3][-]{subsubsection.3.3.2.1}{\376\377\000E\000n\000q\000u\000e\000u\000e}{subsection.3.3.2}% 70
\BOOKMARK [3][-]{subsubsection.3.3.2.2}{\376\377\000D\000e\000q\000u\000e\000u\000e}{subsection.3.3.2}% 71
\BOOKMARK [3][-]{subsubsection.3.3.2.3}{\376\377\000F\000r\000o\000n\000t}{subsection.3.3.2}% 72
\BOOKMARK [3][-]{subsubsection.3.3.2.4}{\376\377\000R\000e\000a\000r}{subsection.3.3.2}% 73
\BOOKMARK [2][-]{subsection.3.3.3}{\376\377\000C\000o\000m\000p\000l\000e\000x\000i\000t\000y\000\040\000A\000n\000a\000l\000y\000s\000i\000s\000\040\000o\000f\000\040\000Q\000u\000e\000u\000e\000s}{section.3.3}% 74
\BOOKMARK [2][-]{subsection.3.3.4}{\376\377\000I\000m\000p\000l\000e\000m\000e\000n\000t\000a\000t\000i\000o\000n\000\040\000o\000f\000\040\000Q\000u\000e\000u\000e\000s\000\040\000U\000s\000i\000n\000g\000\040\000A\000r\000r\000a\000y\000s}{section.3.3}% 75
\BOOKMARK [2][-]{subsection.3.3.5}{\376\377\000I\000m\000p\000l\000e\000m\000e\000n\000t\000a\000t\000i\000o\000n\000\040\000o\000f\000\040\000Q\000u\000e\000u\000e\000s\000\040\000U\000s\000i\000n\000g\000\040\000L\000i\000n\000k\000e\000d\000\040\000L\000i\000s\000t\000s}{section.3.3}% 76
\BOOKMARK [1][-]{section.3.4}{\376\377\000C\000o\000m\000p\000a\000r\000i\000s\000o\000n\000\040\000o\000f\000\040\000S\000t\000a\000c\000k\000s\000\040\000a\000n\000d\000\040\000Q\000u\000e\000u\000e\000s}{chapter.3}% 77
\BOOKMARK [1][-]{section.3.5}{\376\377\000S\000u\000m\000m\000a\000r\000y}{chapter.3}% 78
\BOOKMARK [0][-]{chapter.4}{\376\377\000T\000r\000e\000e\000s}{}% 79
\BOOKMARK [1][-]{section.4.1}{\376\377\000I\000n\000t\000r\000o\000d\000u\000c\000t\000i\000o\000n}{chapter.4}% 80
\BOOKMARK [1][-]{section.4.2}{\376\377\000P\000r\000o\000p\000e\000r\000t\000i\000e\000s\000\040\000o\000f\000\040\000T\000r\000e\000e\000s}{chapter.4}% 81
\BOOKMARK [2][-]{subsection.4.2.1}{\376\377\000R\000o\000o\000t\000\040\000N\000o\000d\000e}{section.4.2}% 82
\BOOKMARK [2][-]{subsection.4.2.2}{\376\377\000P\000a\000r\000e\000n\000t\000\040\000N\000o\000d\000e}{section.4.2}% 83
\BOOKMARK [2][-]{subsection.4.2.3}{\376\377\000C\000h\000i\000l\000d\000\040\000N\000o\000d\000e}{section.4.2}% 84
\BOOKMARK [2][-]{subsection.4.2.4}{\376\377\000L\000e\000a\000f\000\040\000N\000o\000d\000e}{section.4.2}% 85
\BOOKMARK [2][-]{subsection.4.2.5}{\376\377\000A\000n\000c\000e\000s\000t\000o\000r\000s}{section.4.2}% 86
\BOOKMARK [2][-]{subsection.4.2.6}{\376\377\000S\000i\000b\000l\000i\000n\000g\000s}{section.4.2}% 87
\BOOKMARK [2][-]{subsection.4.2.7}{\376\377\000D\000e\000s\000c\000e\000n\000d\000a\000n\000t\000s}{section.4.2}% 88
\BOOKMARK [2][-]{subsection.4.2.8}{\376\377\000H\000e\000i\000g\000h\000t\000\040\000o\000f\000\040\000a\000\040\000T\000r\000e\000e}{section.4.2}% 89
\BOOKMARK [2][-]{subsection.4.2.9}{\376\377\000D\000e\000p\000t\000h\000\040\000o\000f\000\040\000a\000\040\000N\000o\000d\000e}{section.4.2}% 90
\BOOKMARK [2][-]{subsection.4.2.10}{\376\377\000D\000e\000g\000r\000e\000e\000\040\000o\000f\000\040\000a\000\040\000N\000o\000d\000e}{section.4.2}% 91
\BOOKMARK [2][-]{subsection.4.2.11}{\376\377\000L\000e\000v\000e\000l\000\040\000o\000f\000\040\000a\000\040\000N\000o\000d\000e}{section.4.2}% 92
\BOOKMARK [2][-]{subsection.4.2.12}{\376\377\000S\000u\000b\000t\000r\000e\000e}{section.4.2}% 93
\BOOKMARK [1][-]{section.4.3}{\376\377\000T\000y\000p\000e\000s\000\040\000o\000f\000\040\000T\000r\000e\000e\000s}{chapter.4}% 94
\BOOKMARK [2][-]{subsection.4.3.1}{\376\377\000B\000i\000n\000a\000r\000y\000\040\000T\000r\000e\000e}{section.4.3}% 95
\BOOKMARK [3][-]{subsubsection.4.3.1.1}{\376\377\000T\000y\000p\000e\000s\000\040\000o\000f\000\040\000B\000i\000n\000a\000r\000y\000\040\000T\000r\000e\000e\000s}{subsection.4.3.1}% 96
\BOOKMARK [4][-]{section*.3}{\376\377\000L\000e\000f\000t\000-\000s\000k\000e\000w\000e\000d\000\040\000B\000i\000n\000a\000r\000y\000\040\000T\000r\000e\000e}{subsubsection.4.3.1.1}% 97
\BOOKMARK [4][-]{section*.4}{\376\377\000R\000i\000g\000h\000t\000-\000s\000k\000e\000w\000e\000d\000\040\000B\000i\000n\000a\000r\000y\000\040\000T\000r\000e\000e}{subsubsection.4.3.1.1}% 98
\BOOKMARK [4][-]{section*.5}{\376\377\000C\000o\000m\000p\000l\000e\000t\000e\000\040\000B\000i\000n\000a\000r\000y\000\040\000T\000r\000e\000e}{subsubsection.4.3.1.1}% 99
\BOOKMARK [2][-]{subsection.4.3.2}{\376\377\000T\000e\000r\000n\000a\000r\000y\000\040\000T\000r\000e\000e}{section.4.3}% 100
\BOOKMARK [2][-]{subsection.4.3.3}{\376\377\000N\000-\000a\000r\000y\000\040\000T\000r\000e\000e}{section.4.3}% 101
\BOOKMARK [2][-]{subsection.4.3.4}{\376\377\000B\000i\000n\000a\000r\000y\000\040\000S\000e\000a\000r\000c\000h\000\040\000T\000r\000e\000e}{section.4.3}% 102
\BOOKMARK [2][-]{subsection.4.3.5}{\376\377\000A\000V\000L\000\040\000T\000r\000e\000e}{section.4.3}% 103
\BOOKMARK [2][-]{subsection.4.3.6}{\376\377\000R\000e\000d\000-\000B\000l\000a\000c\000k\000\040\000T\000r\000e\000e}{section.4.3}% 104
\BOOKMARK [1][-]{section.4.4}{\376\377\000B\000a\000s\000i\000c\000\040\000O\000p\000e\000r\000a\000t\000i\000o\000n\000s\000\040\000o\000n\000\040\000T\000r\000e\000e\000s}{chapter.4}% 105
\BOOKMARK [2][-]{subsection.4.4.1}{\376\377\000C\000r\000e\000a\000t\000i\000o\000n\000\040\000o\000f\000\040\000a\000\040\000T\000r\000e\000e}{section.4.4}% 106
\BOOKMARK [2][-]{subsection.4.4.2}{\376\377\000I\000n\000s\000e\000r\000t\000i\000o\000n}{section.4.4}% 107
\BOOKMARK [2][-]{subsection.4.4.3}{\376\377\000D\000e\000l\000e\000t\000i\000o\000n}{section.4.4}% 108
\BOOKMARK [2][-]{subsection.4.4.4}{\376\377\000S\000e\000a\000r\000c\000h\000i\000n\000g}{section.4.4}% 109
\BOOKMARK [2][-]{subsection.4.4.5}{\376\377\000T\000r\000a\000v\000e\000r\000s\000a\000l}{section.4.4}% 110
\BOOKMARK [3][-]{subsubsection.4.4.5.1}{\376\377\000P\000r\000e\000o\000r\000d\000e\000r\000\040\000T\000r\000a\000v\000e\000r\000s\000a\000l}{subsection.4.4.5}% 111
\BOOKMARK [3][-]{subsubsection.4.4.5.2}{\376\377\000I\000n\000o\000r\000d\000e\000r\000\040\000T\000r\000a\000v\000e\000r\000s\000a\000l}{subsection.4.4.5}% 112
\BOOKMARK [3][-]{subsubsection.4.4.5.3}{\376\377\000P\000o\000s\000t\000o\000r\000d\000e\000r\000\040\000T\000r\000a\000v\000e\000r\000s\000a\000l}{subsection.4.4.5}% 113
\BOOKMARK [3][-]{subsubsection.4.4.5.4}{\376\377\000L\000e\000v\000e\000l\000-\000o\000r\000d\000e\000r\000\040\000T\000r\000a\000v\000e\000r\000s\000a\000l}{subsection.4.4.5}% 114
\BOOKMARK [1][-]{section.4.5}{\376\377\000C\000o\000m\000p\000l\000e\000x\000i\000t\000y\000\040\000A\000n\000a\000l\000y\000s\000i\000s\000\040\000o\000f\000\040\000T\000r\000e\000e\000s}{chapter.4}% 115
\BOOKMARK [1][-]{section.4.6}{\376\377\000S\000u\000m\000m\000a\000r\000y}{chapter.4}% 116
\BOOKMARK [0][-]{chapter.5}{\376\377\000G\000r\000a\000p\000h\000s}{}% 117
\BOOKMARK [1][-]{section.5.1}{\376\377\000I\000n\000t\000r\000o\000d\000u\000c\000t\000i\000o\000n}{chapter.5}% 118
\BOOKMARK [1][-]{section.5.2}{\376\377\000P\000r\000o\000p\000e\000r\000t\000i\000e\000s\000\040\000o\000f\000\040\000G\000r\000a\000p\000h\000s}{chapter.5}% 119
\BOOKMARK [2][-]{subsection.5.2.1}{\376\377\000V\000e\000r\000t\000e\000x}{section.5.2}% 120
\BOOKMARK [2][-]{subsection.5.2.2}{\376\377\000E\000d\000g\000e}{section.5.2}% 121
\BOOKMARK [2][-]{subsection.5.2.3}{\376\377\000D\000e\000g\000r\000e\000e\000\040\000o\000f\000\040\000a\000\040\000V\000e\000r\000t\000e\000x}{section.5.2}% 122
\BOOKMARK [2][-]{subsection.5.2.4}{\376\377\000P\000a\000t\000h}{section.5.2}% 123
\BOOKMARK [1][-]{section.5.3}{\376\377\000T\000y\000p\000e\000s\000\040\000o\000f\000\040\000G\000r\000a\000p\000h\000s}{chapter.5}% 124
\BOOKMARK [2][-]{subsection.5.3.1}{\376\377\000F\000i\000n\000i\000t\000e\000\040\000G\000r\000a\000p\000h}{section.5.3}% 125
\BOOKMARK [2][-]{subsection.5.3.2}{\376\377\000I\000n\000f\000i\000n\000i\000t\000e\000\040\000G\000r\000a\000p\000h}{section.5.3}% 126
\BOOKMARK [2][-]{subsection.5.3.3}{\376\377\000T\000r\000i\000v\000i\000a\000l\000\040\000G\000r\000a\000p\000h}{section.5.3}% 127
\BOOKMARK [2][-]{subsection.5.3.4}{\376\377\000S\000i\000m\000p\000l\000e\000\040\000G\000r\000a\000p\000h}{section.5.3}% 128
\BOOKMARK [2][-]{subsection.5.3.5}{\376\377\000M\000u\000l\000t\000i\000\040\000G\000r\000a\000p\000h}{section.5.3}% 129
\BOOKMARK [2][-]{subsection.5.3.6}{\376\377\000N\000u\000l\000l\000\040\000G\000r\000a\000p\000h}{section.5.3}% 130
\BOOKMARK [2][-]{subsection.5.3.7}{\376\377\000C\000o\000m\000p\000l\000e\000t\000e\000\040\000G\000r\000a\000p\000h}{section.5.3}% 131
\BOOKMARK [2][-]{subsection.5.3.8}{\376\377\000P\000s\000e\000u\000d\000o\000\040\000G\000r\000a\000p\000h}{section.5.3}% 132
\BOOKMARK [2][-]{subsection.5.3.9}{\376\377\000R\000e\000g\000u\000l\000a\000r\000\040\000G\000r\000a\000p\000h}{section.5.3}% 133
\BOOKMARK [2][-]{subsection.5.3.10}{\376\377\000B\000i\000p\000a\000r\000t\000i\000t\000e\000\040\000G\000r\000a\000p\000h}{section.5.3}% 134
\BOOKMARK [2][-]{subsection.5.3.11}{\376\377\000L\000a\000b\000e\000l\000l\000e\000d\000\040\000G\000r\000a\000p\000h}{section.5.3}% 135
\BOOKMARK [2][-]{subsection.5.3.12}{\376\377\000W\000e\000i\000g\000h\000t\000e\000d\000\040\000G\000r\000a\000p\000h}{section.5.3}% 136
\BOOKMARK [2][-]{subsection.5.3.13}{\376\377\000D\000i\000r\000e\000c\000t\000e\000d\000\040\000G\000r\000a\000p\000h}{section.5.3}% 137
\BOOKMARK [2][-]{subsection.5.3.14}{\376\377\000U\000n\000d\000i\000r\000e\000c\000t\000e\000d\000\040\000G\000r\000a\000p\000h}{section.5.3}% 138
\BOOKMARK [2][-]{subsection.5.3.15}{\376\377\000C\000o\000n\000n\000e\000c\000t\000e\000d\000\040\000G\000r\000a\000p\000h}{section.5.3}% 139
\BOOKMARK [2][-]{subsection.5.3.16}{\376\377\000D\000i\000s\000c\000o\000n\000n\000e\000c\000t\000e\000d\000\040\000G\000r\000a\000p\000h}{section.5.3}% 140
\BOOKMARK [2][-]{subsection.5.3.17}{\376\377\000C\000y\000c\000l\000i\000c\000\040\000G\000r\000a\000p\000h}{section.5.3}% 141
\BOOKMARK [2][-]{subsection.5.3.18}{\376\377\000A\000c\000y\000c\000l\000i\000c\000\040\000G\000r\000a\000p\000h}{section.5.3}% 142
\BOOKMARK [2][-]{subsection.5.3.19}{\376\377\000D\000i\000r\000e\000c\000t\000e\000d\000\040\000A\000c\000y\000c\000l\000i\000c\000\040\000G\000r\000a\000p\000h\000\040\000\050\000D\000A\000G\000\051}{section.5.3}% 143
\BOOKMARK [2][-]{subsection.5.3.20}{\376\377\000D\000i\000g\000r\000a\000p\000h}{section.5.3}% 144
\BOOKMARK [2][-]{subsection.5.3.21}{\376\377\000S\000u\000b\000g\000r\000a\000p\000h}{section.5.3}% 145
\BOOKMARK [1][-]{section.5.4}{\376\377\000O\000p\000e\000r\000a\000t\000i\000o\000n\000s\000\040\000o\000n\000\040\000G\000r\000a\000p\000h\000s}{chapter.5}% 146
\BOOKMARK [2][-]{subsection.5.4.1}{\376\377\000C\000r\000e\000a\000t\000i\000o\000n\000\040\000o\000f\000\040\000a\000\040\000G\000r\000a\000p\000h}{section.5.4}% 147
\BOOKMARK [2][-]{subsection.5.4.2}{\376\377\000I\000n\000s\000e\000r\000t\000i\000o\000n}{section.5.4}% 148
\BOOKMARK [3][-]{subsubsection.5.4.2.1}{\376\377\000I\000n\000s\000e\000r\000t\000i\000o\000n\000\040\000o\000f\000\040\000a\000\040\000V\000e\000r\000t\000e\000x}{subsection.5.4.2}% 149
\BOOKMARK [3][-]{subsubsection.5.4.2.2}{\376\377\000I\000n\000s\000e\000r\000t\000i\000o\000n\000\040\000o\000f\000\040\000a\000n\000\040\000E\000d\000g\000e}{subsection.5.4.2}% 150
\BOOKMARK [2][-]{subsection.5.4.3}{\376\377\000D\000e\000l\000e\000t\000i\000o\000n}{section.5.4}% 151
\BOOKMARK [3][-]{subsubsection.5.4.3.1}{\376\377\000D\000e\000l\000e\000t\000i\000o\000n\000\040\000o\000f\000\040\000a\000\040\000V\000e\000r\000t\000e\000x}{subsection.5.4.3}% 152
\BOOKMARK [3][-]{subsubsection.5.4.3.2}{\376\377\000D\000e\000l\000e\000t\000i\000o\000n\000\040\000o\000f\000\040\000a\000n\000\040\000E\000d\000g\000e}{subsection.5.4.3}% 153
\BOOKMARK [2][-]{subsection.5.4.4}{\376\377\000T\000r\000a\000v\000e\000r\000s\000a\000l}{section.5.4}% 154
\BOOKMARK [3][-]{subsubsection.5.4.4.1}{\376\377\000D\000e\000p\000t\000h\000\040\000F\000i\000r\000s\000t\000\040\000S\000e\000a\000r\000c\000h\000\040\000\050\000D\000F\000S\000\051}{subsection.5.4.4}% 155
\BOOKMARK [3][-]{subsubsection.5.4.4.2}{\376\377\000B\000r\000e\000a\000d\000t\000h\000\040\000F\000i\000r\000s\000t\000\040\000S\000e\000a\000r\000c\000h\000\040\000\050\000B\000F\000S\000\051}{subsection.5.4.4}% 156
\BOOKMARK [2][-]{subsection.5.4.5}{\376\377\000S\000h\000o\000r\000t\000e\000s\000t\000\040\000P\000a\000t\000h}{section.5.4}% 157
\BOOKMARK [2][-]{subsection.5.4.6}{\376\377\000M\000i\000n\000i\000m\000u\000m\000\040\000S\000p\000a\000n\000n\000i\000n\000g\000\040\000T\000r\000e\000e}{section.5.4}% 158
\BOOKMARK [1][-]{section.5.5}{\376\377\000C\000o\000m\000p\000l\000e\000x\000i\000t\000y\000\040\000A\000n\000a\000l\000y\000s\000i\000s\000\040\000o\000f\000\040\000G\000r\000a\000p\000h\000s}{chapter.5}% 159
\BOOKMARK [1][-]{section.5.6}{\376\377\000S\000u\000m\000m\000a\000r\000y}{chapter.5}% 160
\BOOKMARK [0][-]{chapter.6}{\376\377\000S\000o\000r\000t\000i\000n\000g\000\040\000a\000n\000d\000\040\000S\000e\000a\000r\000c\000h\000i\000n\000g}{}% 161
\BOOKMARK [1][-]{section.6.1}{\376\377\000I\000n\000t\000r\000o\000d\000u\000c\000t\000i\000o\000n}{chapter.6}% 162
\BOOKMARK [1][-]{section.6.2}{\376\377\000S\000o\000r\000t\000i\000n\000g}{chapter.6}% 163
\BOOKMARK [2][-]{subsection.6.2.1}{\376\377\000T\000y\000p\000e\000s\000\040\000o\000f\000\040\000S\000o\000r\000t\000i\000n\000g\000\040\000A\000l\000g\000o\000r\000i\000t\000h\000m\000s}{section.6.2}% 164
\BOOKMARK [3][-]{subsubsection.6.2.1.1}{\376\377\000B\000u\000b\000b\000l\000e\000\040\000S\000o\000r\000t}{subsection.6.2.1}% 165
\BOOKMARK [3][-]{subsubsection.6.2.1.2}{\376\377\000S\000e\000l\000e\000c\000t\000i\000o\000n\000\040\000S\000o\000r\000t}{subsection.6.2.1}% 166
\BOOKMARK [3][-]{subsubsection.6.2.1.3}{\376\377\000I\000n\000s\000e\000r\000t\000i\000o\000n\000\040\000S\000o\000r\000t}{subsection.6.2.1}% 167
\BOOKMARK [3][-]{subsubsection.6.2.1.4}{\376\377\000M\000e\000r\000g\000e\000\040\000S\000o\000r\000t}{subsection.6.2.1}% 168
\BOOKMARK [3][-]{subsubsection.6.2.1.5}{\376\377\000Q\000u\000i\000c\000k\000\040\000S\000o\000r\000t}{subsection.6.2.1}% 169
\BOOKMARK [3][-]{subsubsection.6.2.1.6}{\376\377\000H\000e\000a\000p\000\040\000S\000o\000r\000t}{subsection.6.2.1}% 170
\BOOKMARK [3][-]{subsubsection.6.2.1.7}{\376\377\000R\000a\000d\000i\000x\000\040\000S\000o\000r\000t}{subsection.6.2.1}% 171
\BOOKMARK [3][-]{subsubsection.6.2.1.8}{\376\377\000C\000o\000u\000n\000t\000i\000n\000g\000\040\000S\000o\000r\000t}{subsection.6.2.1}% 172
\BOOKMARK [3][-]{subsubsection.6.2.1.9}{\376\377\000B\000u\000c\000k\000e\000t\000\040\000S\000o\000r\000t}{subsection.6.2.1}% 173
\BOOKMARK [2][-]{subsection.6.2.2}{\376\377\000C\000o\000m\000p\000a\000r\000i\000s\000o\000n\000\040\000o\000f\000\040\000S\000o\000r\000t\000i\000n\000g\000\040\000A\000l\000g\000o\000r\000i\000t\000h\000m\000s}{section.6.2}% 174
\BOOKMARK [1][-]{section.6.3}{\376\377\000S\000e\000a\000r\000c\000h\000i\000n\000g}{chapter.6}% 175
\BOOKMARK [2][-]{subsection.6.3.1}{\376\377\000T\000y\000p\000e\000s\000\040\000o\000f\000\040\000S\000e\000a\000r\000c\000h\000i\000n\000g\000\040\000A\000l\000g\000o\000r\000i\000t\000h\000m\000s}{section.6.3}% 176
\BOOKMARK [3][-]{subsubsection.6.3.1.1}{\376\377\000L\000i\000n\000e\000a\000r\000\040\000S\000e\000a\000r\000c\000h}{subsection.6.3.1}% 177
\BOOKMARK [3][-]{subsubsection.6.3.1.2}{\376\377\000B\000i\000n\000a\000r\000y\000\040\000S\000e\000a\000r\000c\000h}{subsection.6.3.1}% 178
\BOOKMARK [3][-]{subsubsection.6.3.1.3}{\376\377\000J\000u\000m\000p\000\040\000S\000e\000a\000r\000c\000h}{subsection.6.3.1}% 179
\BOOKMARK [3][-]{subsubsection.6.3.1.4}{\376\377\000I\000n\000t\000e\000r\000p\000o\000l\000a\000t\000i\000o\000n\000\040\000S\000e\000a\000r\000c\000h}{subsection.6.3.1}% 180
\BOOKMARK [3][-]{subsubsection.6.3.1.5}{\376\377\000E\000x\000p\000o\000n\000e\000n\000t\000i\000a\000l\000\040\000S\000e\000a\000r\000c\000h}{subsection.6.3.1}% 181
\BOOKMARK [3][-]{subsubsection.6.3.1.6}{\376\377\000F\000i\000b\000o\000n\000a\000c\000c\000i\000\040\000S\000e\000a\000r\000c\000h}{subsection.6.3.1}% 182
\BOOKMARK [3][-]{subsubsection.6.3.1.7}{\376\377\000T\000e\000r\000n\000a\000r\000y\000\040\000S\000e\000a\000r\000c\000h}{subsection.6.3.1}% 183
\BOOKMARK [2][-]{subsection.6.3.2}{\376\377\000C\000o\000m\000p\000a\000r\000i\000s\000o\000n\000\040\000o\000f\000\040\000S\000e\000a\000r\000c\000h\000i\000n\000g\000\040\000A\000l\000g\000o\000r\000i\000t\000h\000m\000s}{section.6.3}% 184
\BOOKMARK [1][-]{section.6.4}{\376\377\000S\000u\000m\000m\000a\000r\000y}{chapter.6}% 185
\BOOKMARK [0][-]{chapter.7}{\376\377\000H\000a\000s\000h\000i\000n\000g}{}% 186
\BOOKMARK [1][-]{section.7.1}{\376\377\000I\000n\000t\000r\000o\000d\000u\000c\000t\000i\000o\000n}{chapter.7}% 187
\BOOKMARK [1][-]{section.7.2}{\376\377\000H\000a\000s\000h\000\040\000T\000a\000b\000l\000e}{chapter.7}% 188
\BOOKMARK [1][-]{section.7.3}{\376\377\000H\000a\000s\000h\000\040\000F\000u\000n\000c\000t\000i\000o\000n}{chapter.7}% 189
\BOOKMARK [1][-]{section.7.4}{\376\377\000C\000o\000l\000l\000i\000s\000i\000o\000n\000\040\000R\000e\000s\000o\000l\000u\000t\000i\000o\000n\000\040\000T\000e\000c\000h\000n\000i\000q\000u\000e\000s}{chapter.7}% 190
\BOOKMARK [2][-]{subsection.7.4.1}{\376\377\000S\000e\000p\000a\000r\000a\000t\000e\000\040\000C\000h\000a\000i\000n\000i\000n\000g}{section.7.4}% 191
\BOOKMARK [2][-]{subsection.7.4.2}{\376\377\000O\000p\000e\000n\000\040\000A\000d\000d\000r\000e\000s\000s\000i\000n\000g}{section.7.4}% 192
\BOOKMARK [3][-]{subsubsection.7.4.2.1}{\376\377\000L\000i\000n\000e\000a\000r\000\040\000P\000r\000o\000b\000i\000n\000g}{subsection.7.4.2}% 193
\BOOKMARK [3][-]{subsubsection.7.4.2.2}{\376\377\000Q\000u\000a\000d\000r\000a\000t\000i\000c\000\040\000P\000r\000o\000b\000i\000n\000g}{subsection.7.4.2}% 194
\BOOKMARK [3][-]{subsubsection.7.4.2.3}{\376\377\000D\000o\000u\000b\000l\000e\000\040\000H\000a\000s\000h\000i\000n\000g}{subsection.7.4.2}% 195
\BOOKMARK [1][-]{section.7.5}{\376\377\000C\000o\000m\000p\000l\000e\000x\000i\000t\000y\000\040\000A\000n\000a\000l\000y\000s\000i\000s\000\040\000o\000f\000\040\000H\000a\000s\000h\000i\000n\000g}{chapter.7}% 196
\BOOKMARK [1][-]{section.7.6}{\376\377\000S\000u\000m\000m\000a\000r\000y}{chapter.7}% 197
\BOOKMARK [0][-]{chapter.8}{\376\377\000A\000d\000v\000a\000n\000c\000e\000d\000\040\000D\000a\000t\000a\000\040\000S\000t\000r\000u\000c\000t\000u\000r\000e\000s\000\040\000a\000n\000d\000\040\000A\000l\000g\000o\000r\000i\000t\000h\000m\000s}{}% 198
\BOOKMARK [1][-]{section.8.1}{\376\377\000I\000n\000t\000r\000o\000d\000u\000c\000t\000i\000o\000n}{chapter.8}% 199
\BOOKMARK [1][-]{section.8.2}{\376\377\000A\000d\000v\000a\000n\000c\000e\000d\000\040\000D\000a\000t\000a\000\040\000S\000t\000r\000u\000c\000t\000u\000r\000e\000s}{chapter.8}% 200
\BOOKMARK [2][-]{subsection.8.2.1}{\376\377\000S\000e\000g\000m\000e\000n\000t\000\040\000T\000r\000e\000e}{section.8.2}% 201
\BOOKMARK [2][-]{subsection.8.2.2}{\376\377\000F\000e\000n\000w\000i\000c\000k\000\040\000T\000r\000e\000e}{section.8.2}% 202
\BOOKMARK [2][-]{subsection.8.2.3}{\376\377\000S\000u\000f\000f\000i\000x\000\040\000T\000r\000e\000e}{section.8.2}% 203
\BOOKMARK [2][-]{subsection.8.2.4}{\376\377\000S\000u\000f\000f\000i\000x\000\040\000A\000r\000r\000a\000y}{section.8.2}% 204
\BOOKMARK [2][-]{subsection.8.2.5}{\376\377\000T\000r\000i\000e}{section.8.2}% 205
\BOOKMARK [2][-]{subsection.8.2.6}{\376\377\000H\000e\000a\000p}{section.8.2}% 206
\BOOKMARK [2][-]{subsection.8.2.7}{\376\377\000D\000i\000s\000j\000o\000i\000n\000t\000\040\000S\000e\000t}{section.8.2}% 207
\BOOKMARK [2][-]{subsection.8.2.8}{\376\377\000S\000k\000i\000p\000\040\000L\000i\000s\000t}{section.8.2}% 208
\BOOKMARK [2][-]{subsection.8.2.9}{\376\377\000S\000p\000l\000a\000y\000\040\000T\000r\000e\000e}{section.8.2}% 209
\BOOKMARK [2][-]{subsection.8.2.10}{\376\377\000B\000l\000o\000o\000m\000\040\000F\000i\000l\000t\000e\000r}{section.8.2}% 210
\BOOKMARK [2][-]{subsection.8.2.11}{\376\377\000K\000D\000\040\000T\000r\000e\000e}{section.8.2}% 211
\BOOKMARK [2][-]{subsection.8.2.12}{\376\377\000Q\000u\000a\000d\000\040\000T\000r\000e\000e}{section.8.2}% 212
\BOOKMARK [2][-]{subsection.8.2.13}{\376\377\000O\000c\000t\000r\000e\000e}{section.8.2}% 213
\BOOKMARK [2][-]{subsection.8.2.14}{\376\377\000B\000-\000T\000r\000e\000e}{section.8.2}% 214
\BOOKMARK [2][-]{subsection.8.2.15}{\376\377\000B\000+\000\040\000T\000r\000e\000e}{section.8.2}% 215
\BOOKMARK [2][-]{subsection.8.2.16}{\376\377\000R\000-\000T\000r\000e\000e}{section.8.2}% 216
\BOOKMARK [2][-]{subsection.8.2.17}{\376\377\000X\000-\000T\000r\000e\000e}{section.8.2}% 217
\BOOKMARK [2][-]{subsection.8.2.18}{\376\377\000Y\000-\000T\000r\000e\000e}{section.8.2}% 218
\BOOKMARK [2][-]{subsection.8.2.19}{\376\377\000Z\000-\000T\000r\000e\000e}{section.8.2}% 219
\BOOKMARK [1][-]{section.8.3}{\376\377\000A\000d\000v\000a\000n\000c\000e\000d\000\040\000A\000l\000g\000o\000r\000i\000t\000h\000m\000s}{chapter.8}% 220
\BOOKMARK [2][-]{subsection.8.3.1}{\376\377\000D\000y\000n\000a\000m\000i\000c\000\040\000P\000r\000o\000g\000r\000a\000m\000m\000i\000n\000g}{section.8.3}% 221
\BOOKMARK [2][-]{subsection.8.3.2}{\376\377\000G\000r\000e\000e\000d\000y\000\040\000A\000l\000g\000o\000r\000i\000t\000h\000m\000s}{section.8.3}% 222
\BOOKMARK [2][-]{subsection.8.3.3}{\376\377\000B\000a\000c\000k\000t\000r\000a\000c\000k\000i\000n\000g}{section.8.3}% 223
\BOOKMARK [2][-]{subsection.8.3.4}{\376\377\000D\000i\000v\000i\000d\000e\000\040\000a\000n\000d\000\040\000C\000o\000n\000q\000u\000e\000r}{section.8.3}% 224
\BOOKMARK [2][-]{subsection.8.3.5}{\376\377\000B\000r\000a\000n\000c\000h\000\040\000a\000n\000d\000\040\000B\000o\000u\000n\000d}{section.8.3}% 225
\BOOKMARK [2][-]{subsection.8.3.6}{\376\377\000R\000a\000n\000d\000o\000m\000i\000z\000e\000d\000\040\000A\000l\000g\000o\000r\000i\000t\000h\000m\000s}{section.8.3}% 226
\BOOKMARK [2][-]{subsection.8.3.7}{\376\377\000A\000p\000p\000r\000o\000x\000i\000m\000a\000t\000i\000o\000n\000\040\000A\000l\000g\000o\000r\000i\000t\000h\000m\000s}{section.8.3}% 227
\BOOKMARK [2][-]{subsection.8.3.8}{\376\377\000S\000t\000r\000i\000n\000g\000\040\000M\000a\000t\000c\000h\000i\000n\000g\000\040\000A\000l\000g\000o\000r\000i\000t\000h\000m\000s}{section.8.3}% 228
\BOOKMARK [2][-]{subsection.8.3.9}{\376\377\000P\000a\000t\000t\000e\000r\000n\000\040\000S\000e\000a\000r\000c\000h\000i\000n\000g\000\040\000A\000l\000g\000o\000r\000i\000t\000h\000m\000s}{section.8.3}% 229
\BOOKMARK [2][-]{subsection.8.3.10}{\376\377\000C\000r\000y\000p\000t\000o\000g\000r\000a\000p\000h\000y\000\040\000A\000l\000g\000o\000r\000i\000t\000h\000m\000s}{section.8.3}% 230
\BOOKMARK [2][-]{subsection.8.3.11}{\376\377\000G\000e\000o\000m\000e\000t\000r\000i\000c\000\040\000A\000l\000g\000o\000r\000i\000t\000h\000m\000s}{section.8.3}% 231
\BOOKMARK [2][-]{subsection.8.3.12}{\376\377\000G\000r\000a\000p\000h\000\040\000A\000l\000g\000o\000r\000i\000t\000h\000m\000s}{section.8.3}% 232
\BOOKMARK [2][-]{subsection.8.3.13}{\376\377\000N\000e\000t\000w\000o\000r\000k\000\040\000F\000l\000o\000w\000\040\000A\000l\000g\000o\000r\000i\000t\000h\000m\000s}{section.8.3}% 233
\BOOKMARK [2][-]{subsection.8.3.14}{\376\377\000G\000a\000m\000e\000\040\000T\000h\000e\000o\000r\000y\000\040\000A\000l\000g\000o\000r\000i\000t\000h\000m\000s}{section.8.3}% 234
\BOOKMARK [2][-]{subsection.8.3.15}{\376\377\000Q\000u\000a\000n\000t\000u\000m\000\040\000A\000l\000g\000o\000r\000i\000t\000h\000m\000s}{section.8.3}% 235
\BOOKMARK [1][-]{section.8.4}{\376\377\000S\000u\000m\000m\000a\000r\000y}{chapter.8}% 236
\BOOKMARK [0][-]{chapter.9}{\376\377\000A\000p\000p\000l\000i\000c\000a\000t\000i\000o\000n\000s\000\040\000o\000f\000\040\000D\000a\000t\000a\000\040\000S\000t\000r\000u\000c\000t\000u\000r\000e\000s\000\040\000a\000n\000d\000\040\000A\000l\000g\000o\000r\000i\000t\000h\000m\000s}{}% 237
\BOOKMARK [1][-]{section.9.1}{\376\377\000A\000p\000p\000l\000i\000c\000a\000t\000i\000o\000n\000s\000\040\000i\000n\000\040\000C\000o\000m\000p\000u\000t\000e\000r\000\040\000S\000c\000i\000e\000n\000c\000e}{chapter.9}% 238
\BOOKMARK [2][-]{subsection.9.1.1}{\376\377\000O\000p\000e\000r\000a\000t\000i\000n\000g\000\040\000S\000y\000s\000t\000e\000m\000s}{section.9.1}% 239
\BOOKMARK [2][-]{subsection.9.1.2}{\376\377\000D\000a\000t\000a\000b\000a\000s\000e\000\040\000M\000a\000n\000a\000g\000e\000m\000e\000n\000t\000\040\000S\000y\000s\000t\000e\000m\000s}{section.9.1}% 240
\BOOKMARK [2][-]{subsection.9.1.3}{\376\377\000C\000o\000m\000p\000i\000l\000e\000r\000\040\000D\000e\000s\000i\000g\000n}{section.9.1}% 241
\BOOKMARK [2][-]{subsection.9.1.4}{\376\377\000N\000e\000t\000w\000o\000r\000k\000i\000n\000g}{section.9.1}% 242
\BOOKMARK [2][-]{subsection.9.1.5}{\376\377\000A\000r\000t\000i\000f\000i\000c\000i\000a\000l\000\040\000I\000n\000t\000e\000l\000l\000i\000g\000e\000n\000c\000e}{section.9.1}% 243
\BOOKMARK [2][-]{subsection.9.1.6}{\376\377\000M\000a\000c\000h\000i\000n\000e\000\040\000L\000e\000a\000r\000n\000i\000n\000g}{section.9.1}% 244
\BOOKMARK [2][-]{subsection.9.1.7}{\376\377\000C\000o\000m\000p\000u\000t\000e\000r\000\040\000G\000r\000a\000p\000h\000i\000c\000s}{section.9.1}% 245
\BOOKMARK [2][-]{subsection.9.1.8}{\376\377\000C\000o\000m\000p\000u\000t\000e\000r\000\040\000V\000i\000s\000i\000o\000n}{section.9.1}% 246
\BOOKMARK [2][-]{subsection.9.1.9}{\376\377\000R\000o\000b\000o\000t\000i\000c\000s}{section.9.1}% 247
\BOOKMARK [2][-]{subsection.9.1.10}{\376\377\000W\000e\000b\000\040\000D\000e\000v\000e\000l\000o\000p\000m\000e\000n\000t}{section.9.1}% 248
\BOOKMARK [2][-]{subsection.9.1.11}{\376\377\000M\000o\000b\000i\000l\000e\000\040\000D\000e\000v\000e\000l\000o\000p\000m\000e\000n\000t}{section.9.1}% 249
\BOOKMARK [2][-]{subsection.9.1.12}{\376\377\000G\000a\000m\000e\000\040\000D\000e\000v\000e\000l\000o\000p\000m\000e\000n\000t}{section.9.1}% 250
\BOOKMARK [2][-]{subsection.9.1.13}{\376\377\000C\000y\000b\000e\000r\000s\000e\000c\000u\000r\000i\000t\000y}{section.9.1}% 251
\BOOKMARK [2][-]{subsection.9.1.14}{\376\377\000Q\000u\000a\000n\000t\000u\000m\000\040\000C\000o\000m\000p\000u\000t\000i\000n\000g}{section.9.1}% 252
\BOOKMARK [1][-]{section.9.2}{\376\377\000A\000p\000p\000l\000i\000c\000a\000t\000i\000o\000n\000s\000\040\000i\000n\000\040\000R\000e\000a\000l\000\040\000L\000i\000f\000e}{chapter.9}% 253
\BOOKMARK [2][-]{subsection.9.2.1}{\376\377\000S\000o\000c\000i\000a\000l\000\040\000M\000e\000d\000i\000a}{section.9.2}% 254
\BOOKMARK [2][-]{subsection.9.2.2}{\376\377\000E\000-\000c\000o\000m\000m\000e\000r\000c\000e}{section.9.2}% 255
\BOOKMARK [2][-]{subsection.9.2.3}{\376\377\000H\000e\000a\000l\000t\000h\000c\000a\000r\000e}{section.9.2}% 256
\BOOKMARK [2][-]{subsection.9.2.4}{\376\377\000F\000i\000n\000a\000n\000c\000e}{section.9.2}% 257
\BOOKMARK [2][-]{subsection.9.2.5}{\376\377\000T\000r\000a\000n\000s\000p\000o\000r\000t\000a\000t\000i\000o\000n}{section.9.2}% 258
\BOOKMARK [2][-]{subsection.9.2.6}{\376\377\000E\000d\000u\000c\000a\000t\000i\000o\000n}{section.9.2}% 259
\BOOKMARK [2][-]{subsection.9.2.7}{\376\377\000A\000g\000r\000i\000c\000u\000l\000t\000u\000r\000e}{section.9.2}% 260
\BOOKMARK [2][-]{subsection.9.2.8}{\376\377\000M\000a\000n\000u\000f\000a\000c\000t\000u\000r\000i\000n\000g}{section.9.2}% 261
\BOOKMARK [2][-]{subsection.9.2.9}{\376\377\000E\000n\000t\000e\000r\000t\000a\000i\000n\000m\000e\000n\000t}{section.9.2}% 262
\BOOKMARK [2][-]{subsection.9.2.10}{\376\377\000S\000p\000o\000r\000t\000s}{section.9.2}% 263
\BOOKMARK [2][-]{subsection.9.2.11}{\376\377\000T\000r\000a\000v\000e\000l}{section.9.2}% 264
\BOOKMARK [2][-]{subsection.9.2.12}{\376\377\000T\000e\000l\000e\000c\000o\000m\000m\000u\000n\000i\000c\000a\000t\000i\000o\000n\000s}{section.9.2}% 265
\BOOKMARK [2][-]{subsection.9.2.13}{\376\377\000E\000n\000e\000r\000g\000y}{section.9.2}% 266
\BOOKMARK [2][-]{subsection.9.2.14}{\376\377\000E\000n\000v\000i\000r\000o\000n\000m\000e\000n\000t}{section.9.2}% 267
\BOOKMARK [2][-]{subsection.9.2.15}{\376\377\000P\000o\000l\000i\000t\000i\000c\000s}{section.9.2}% 268
\BOOKMARK [2][-]{subsection.9.2.16}{\376\377\000M\000i\000l\000i\000t\000a\000r\000y}{section.9.2}% 269
\BOOKMARK [1][-]{section.9.3}{\376\377\000S\000u\000m\000m\000a\000r\000y}{chapter.9}% 270
\BOOKMARK [0][-]{chapter.10}{\376\377\000R\000e\000f\000e\000r\000e\000n\000c\000e\000s}{}% 271
